<?xml version="1.0" encoding="UTF-8"?>
<!-- Generated by org.testng.reporters.JUnitXMLReporter -->
<testsuite ignored="0" hostname="LAPTOP-11K5SKBN" failures="0" tests="3" name="Test" time="65.353" errors="0" timestamp="2024-12-08T18:42:59 IST">
  <testcase classname="com.qa.testscripts.MainTest" name="HomepageLanding" time="0.22"/>
  <testcase classname="com.qa.testscripts.MainTest" name="clickonElements" time="2.271"/>
  <testcase classname="com.qa.testscripts.MainTest" name="saucedemologin" time="28.975"/>
</testsuite> <!-- Test -->
