<?xml version="1.0" encoding="UTF-8"?>
<!-- Generated by org.testng.reporters.JUnitXMLReporter -->
<testsuite ignored="0" hostname="LAPTOP-11K5SKBN" failures="0" tests="3" name="Test" time="45.085" errors="0" timestamp="2024-12-13T13:07:20 IST">
  <testcase classname="com.qa.testscripts.MainTest" name="HomepageLanding" time="0.028"/>
  <testcase classname="com.qa.testscripts.MainTest" name="clickonElements" time="2.32"/>
  <testcase classname="com.qa.testscripts.MainTest" name="saucedemologin" time="27.566"/>
</testsuite> <!-- Test -->
