<?xml version="1.0" encoding="UTF-8"?>
<testng-results ignored="0" total="3" passed="3" failed="0" skipped="0">
  <reporter-output>
  </reporter-output>
  <suite started-at="2024-12-13T13:06:35 IST" name="Suite" finished-at="2024-12-13T13:07:20 IST" duration-ms="45085">
    <groups>
    </groups>
    <test started-at="2024-12-13T13:06:35 IST" name="Test" finished-at="2024-12-13T13:07:20 IST" duration-ms="45085">
      <class name="com.qa.testscripts.MainTest">
        <test-method is-config="true" signature="setup(java.lang.String,java.lang.String)[pri:0, instance:com.qa.testscripts.MainTest@323b36e0]" started-at="2024-12-13T13:06:35 IST" name="setup" finished-at="2024-12-13T13:06:49 IST" duration-ms="13608" status="PASS">
          <params>
            <param index="0">
              <value>
                <![CDATA[Edge]]>
              </value>
            </param>
            <param index="1">
              <value>
                <![CDATA[https://demoqa.com/elements]]>
              </value>
            </param>
          </params>
          <reporter-output>
          </reporter-output>
        </test-method> <!-- setup -->
        <test-method signature="HomepageLanding()[pri:0, instance:com.qa.testscripts.MainTest@323b36e0]" started-at="2024-12-13T13:06:49 IST" name="HomepageLanding" finished-at="2024-12-13T13:06:49 IST" duration-ms="28" status="PASS">
          <reporter-output>
          </reporter-output>
        </test-method> <!-- HomepageLanding -->
        <test-method signature="clickonElements()[pri:1, instance:com.qa.testscripts.MainTest@323b36e0]" started-at="2024-12-13T13:06:49 IST" name="clickonElements" finished-at="2024-12-13T13:06:51 IST" duration-ms="2320" status="PASS">
          <reporter-output>
          </reporter-output>
        </test-method> <!-- clickonElements -->
        <test-method signature="saucedemologin()[pri:2, instance:com.qa.testscripts.MainTest@323b36e0]" started-at="2024-12-13T13:06:51 IST" name="saucedemologin" finished-at="2024-12-13T13:07:19 IST" duration-ms="27566" status="PASS">
          <reporter-output>
          </reporter-output>
        </test-method> <!-- saucedemologin -->
        <test-method is-config="true" signature="TearDown()[pri:0, instance:com.qa.testscripts.MainTest@323b36e0]" started-at="2024-12-13T13:07:19 IST" name="TearDown" finished-at="2024-12-13T13:07:20 IST" duration-ms="1483" status="PASS">
          <reporter-output>
          </reporter-output>
        </test-method> <!-- TearDown -->
      </class> <!-- com.qa.testscripts.MainTest -->
    </test> <!-- Test -->
  </suite> <!-- Suite -->
</testng-results>
