<?xml version="1.0" encoding="UTF-8"?>
<testng-results ignored="0" total="4" passed="4" failed="0" skipped="0">
  <reporter-output>
  </reporter-output>
  <suite started-at="2024-12-22T16:07:08 IST" name="Suite" finished-at="2024-12-22T16:08:12 IST" duration-ms="64000">
    <groups>
    </groups>
    <test started-at="2024-12-22T16:07:08 IST" name="Test" finished-at="2024-12-22T16:08:12 IST" duration-ms="64000">
      <class name="com.qa.testscripts.MainTest2">
        <test-method is-config="true" signature="setup(java.lang.String,java.lang.String)[pri:0, instance:com.qa.testscripts.MainTest2@fa4c865]" started-at="2024-12-22T16:07:08 IST" name="setup" finished-at="2024-12-22T16:07:15 IST" duration-ms="7380" status="PASS">
          <params>
            <param index="0">
              <value>
                <![CDATA[Edge]]>
              </value>
            </param>
            <param index="1">
              <value>
                <![CDATA[https://practicetestautomation.com/]]>
              </value>
            </param>
          </params>
          <reporter-output>
          </reporter-output>
        </test-method> <!-- setup -->
        <test-method signature="HomepageLanding1()[pri:0, instance:com.qa.testscripts.MainTest2@fa4c865]" started-at="2024-12-22T16:07:15 IST" name="HomepageLanding1" finished-at="2024-12-22T16:07:15 IST" duration-ms="29" status="PASS">
          <reporter-output>
          </reporter-output>
        </test-method> <!-- HomepageLanding1 -->
        <test-method signature="LoginTest2()[pri:1, instance:com.qa.testscripts.MainTest2@fa4c865]" started-at="2024-12-22T16:07:15 IST" name="LoginTest2" finished-at="2024-12-22T16:07:38 IST" duration-ms="23234" status="PASS">
          <reporter-output>
          </reporter-output>
        </test-method> <!-- LoginTest2 -->
        <test-method signature="negativeusername()[pri:2, instance:com.qa.testscripts.MainTest2@fa4c865]" started-at="2024-12-22T16:07:38 IST" name="negativeusername" finished-at="2024-12-22T16:07:55 IST" duration-ms="16566" status="PASS">
          <reporter-output>
          </reporter-output>
        </test-method> <!-- negativeusername -->
        <test-method signature="negativepassword()[pri:3, instance:com.qa.testscripts.MainTest2@fa4c865]" started-at="2024-12-22T16:07:55 IST" name="negativepassword" finished-at="2024-12-22T16:08:12 IST" duration-ms="16688" status="PASS">
          <reporter-output>
          </reporter-output>
        </test-method> <!-- negativepassword -->
        <test-method is-config="true" signature="TearDown()[pri:0, instance:com.qa.testscripts.MainTest2@fa4c865]" started-at="2024-12-22T16:08:12 IST" name="TearDown" finished-at="2024-12-22T16:08:12 IST" duration-ms="1" status="PASS">
          <reporter-output>
          </reporter-output>
        </test-method> <!-- TearDown -->
      </class> <!-- com.qa.testscripts.MainTest2 -->
    </test> <!-- Test -->
  </suite> <!-- Suite -->
</testng-results>
