<?xml version="1.0" encoding="UTF-8"?>
<testng-results ignored="0" total="3" passed="3" failed="0" skipped="0">
  <reporter-output>
  </reporter-output>
  <suite started-at="2024-12-08T18:41:54 IST" name="Suite" finished-at="2024-12-08T18:42:59 IST" duration-ms="65353">
    <groups>
    </groups>
    <test started-at="2024-12-08T18:41:54 IST" name="Test" finished-at="2024-12-08T18:42:59 IST" duration-ms="65353">
      <class name="com.qa.testscripts.MainTest">
        <test-method is-config="true" signature="setup(java.lang.String,java.lang.String)[pri:0, instance:com.qa.testscripts.MainTest@53f3bdbd]" started-at="2024-12-08T18:41:54 IST" name="setup" finished-at="2024-12-08T18:42:28 IST" duration-ms="33604" status="PASS">
          <params>
            <param index="0">
              <value>
                <![CDATA[Edge]]>
              </value>
            </param>
            <param index="1">
              <value>
                <![CDATA[https://demoqa.com/elements]]>
              </value>
            </param>
          </params>
          <reporter-output>
          </reporter-output>
        </test-method> <!-- setup -->
        <test-method signature="HomepageLanding()[pri:0, instance:com.qa.testscripts.MainTest@53f3bdbd]" started-at="2024-12-08T18:42:28 IST" name="HomepageLanding" finished-at="2024-12-08T18:42:28 IST" duration-ms="220" status="PASS">
          <reporter-output>
          </reporter-output>
        </test-method> <!-- HomepageLanding -->
        <test-method signature="clickonElements()[pri:1, instance:com.qa.testscripts.MainTest@53f3bdbd]" started-at="2024-12-08T18:42:28 IST" name="clickonElements" finished-at="2024-12-08T18:42:30 IST" duration-ms="2271" status="PASS">
          <reporter-output>
          </reporter-output>
        </test-method> <!-- clickonElements -->
        <test-method signature="saucedemologin()[pri:2, instance:com.qa.testscripts.MainTest@53f3bdbd]" started-at="2024-12-08T18:42:30 IST" name="saucedemologin" finished-at="2024-12-08T18:42:59 IST" duration-ms="28975" status="PASS">
          <reporter-output>
          </reporter-output>
        </test-method> <!-- saucedemologin -->
        <test-method is-config="true" signature="TearDown()[pri:0, instance:com.qa.testscripts.MainTest@53f3bdbd]" started-at="2024-12-08T18:42:59 IST" name="TearDown" finished-at="2024-12-08T18:42:59 IST" duration-ms="3" status="PASS">
          <reporter-output>
          </reporter-output>
        </test-method> <!-- TearDown -->
      </class> <!-- com.qa.testscripts.MainTest -->
    </test> <!-- Test -->
  </suite> <!-- Suite -->
</testng-results>
